{"/Users/viligaisiuc/Library/Mobile Documents/com~apple~CloudDocs/Unik/ІІ курс/ІІ курс ІІ семестр/BackEnd/API Project/nodejs-project/backend/controllers/albumController.js": {"path":"/Users/viligaisiuc/Library/Mobile Documents/com~apple~CloudDocs/Unik/ІІ курс/ІІ курс ІІ семестр/BackEnd/API Project/nodejs-project/backend/controllers/albumController.js","statementMap":{"0":{"start":{"line":1,"column":15},"end":{"line":1,"column":41}},"1":{"start":{"line":4,"column":0},"end":{"line":29,"column":2}},"2":{"start":{"line":5,"column":2},"end":{"line":28,"column":3}},"3":{"start":{"line":6,"column":23},"end":{"line":6,"column":32}},"4":{"start":{"line":8,"column":24},"end":{"line":8,"column":26}},"5":{"start":{"line":10,"column":4},"end":{"line":15,"column":5}},"6":{"start":{"line":11,"column":6},"end":{"line":14,"column":8}},"7":{"start":{"line":17,"column":19},"end":{"line":24,"column":6}},"8":{"start":{"line":25,"column":4},"end":{"line":25,"column":21}},"9":{"start":{"line":27,"column":4},"end":{"line":27,"column":51}},"10":{"start":{"line":32,"column":0},"end":{"line":46,"column":2}},"11":{"start":{"line":33,"column":2},"end":{"line":45,"column":3}},"12":{"start":{"line":34,"column":18},"end":{"line":40,"column":6}},"13":{"start":{"line":41,"column":4},"end":{"line":41,"column":79}},"14":{"start":{"line":41,"column":16},"end":{"line":41,"column":79}},"15":{"start":{"line":42,"column":4},"end":{"line":42,"column":20}},"16":{"start":{"line":44,"column":4},"end":{"line":44,"column":51}},"17":{"start":{"line":49,"column":0},"end":{"line":69,"column":2}},"18":{"start":{"line":50,"column":2},"end":{"line":68,"column":3}},"19":{"start":{"line":51,"column":56},"end":{"line":51,"column":64}},"20":{"start":{"line":53,"column":21},"end":{"line":64,"column":6}},"21":{"start":{"line":59,"column":41},"end":{"line":61,"column":11}},"22":{"start":{"line":65,"column":4},"end":{"line":65,"column":35}},"23":{"start":{"line":67,"column":4},"end":{"line":67,"column":51}},"24":{"start":{"line":72,"column":0},"end":{"line":96,"column":2}},"25":{"start":{"line":73,"column":2},"end":{"line":95,"column":3}},"26":{"start":{"line":74,"column":15},"end":{"line":74,"column":38}},"27":{"start":{"line":77,"column":18},"end":{"line":79,"column":6}},"28":{"start":{"line":81,"column":4},"end":{"line":85,"column":5}},"29":{"start":{"line":82,"column":6},"end":{"line":84,"column":9}},"30":{"start":{"line":88,"column":4},"end":{"line":90,"column":7}},"31":{"start":{"line":92,"column":4},"end":{"line":92,"column":27}},"32":{"start":{"line":94,"column":4},"end":{"line":94,"column":51}},"33":{"start":{"line":98,"column":0},"end":{"line":127,"column":2}},"34":{"start":{"line":99,"column":19},"end":{"line":99,"column":29}},"35":{"start":{"line":101,"column":2},"end":{"line":126,"column":3}},"36":{"start":{"line":102,"column":4},"end":{"line":104,"column":5}},"37":{"start":{"line":103,"column":6},"end":{"line":103,"column":75}},"38":{"start":{"line":106,"column":20},"end":{"line":106,"column":34}},"39":{"start":{"line":107,"column":4},"end":{"line":109,"column":5}},"40":{"start":{"line":108,"column":6},"end":{"line":108,"column":68}},"41":{"start":{"line":111,"column":19},"end":{"line":121,"column":6}},"42":{"start":{"line":123,"column":4},"end":{"line":123,"column":21}},"43":{"start":{"line":125,"column":4},"end":{"line":125,"column":51}}},"fnMap":{"0":{"name":"(anonymous_0)","decl":{"start":{"line":4,"column":17},"end":{"line":4,"column":18}},"loc":{"start":{"line":4,"column":37},"end":{"line":29,"column":1}},"line":4},"1":{"name":"(anonymous_1)","decl":{"start":{"line":32,"column":18},"end":{"line":32,"column":19}},"loc":{"start":{"line":32,"column":38},"end":{"line":46,"column":1}},"line":32},"2":{"name":"(anonymous_2)","decl":{"start":{"line":49,"column":17},"end":{"line":49,"column":18}},"loc":{"start":{"line":49,"column":37},"end":{"line":69,"column":1}},"line":49},"3":{"name":"(anonymous_3)","decl":{"start":{"line":59,"column":32},"end":{"line":59,"column":33}},"loc":{"start":{"line":59,"column":41},"end":{"line":61,"column":11}},"line":59},"4":{"name":"(anonymous_4)","decl":{"start":{"line":72,"column":17},"end":{"line":72,"column":18}},"loc":{"start":{"line":72,"column":37},"end":{"line":96,"column":1}},"line":72},"5":{"name":"(anonymous_5)","decl":{"start":{"line":98,"column":20},"end":{"line":98,"column":21}},"loc":{"start":{"line":98,"column":40},"end":{"line":127,"column":1}},"line":98}},"branchMap":{"0":{"loc":{"start":{"line":10,"column":4},"end":{"line":15,"column":5}},"type":"if","locations":[{"start":{"line":10,"column":4},"end":{"line":15,"column":5}},{"start":{},"end":{}}],"line":10},"1":{"loc":{"start":{"line":41,"column":4},"end":{"line":41,"column":79}},"type":"if","locations":[{"start":{"line":41,"column":4},"end":{"line":41,"column":79}},{"start":{},"end":{}}],"line":41},"2":{"loc":{"start":{"line":81,"column":4},"end":{"line":85,"column":5}},"type":"if","locations":[{"start":{"line":81,"column":4},"end":{"line":85,"column":5}},{"start":{},"end":{}}],"line":81},"3":{"loc":{"start":{"line":102,"column":4},"end":{"line":104,"column":5}},"type":"if","locations":[{"start":{"line":102,"column":4},"end":{"line":104,"column":5}},{"start":{},"end":{}}],"line":102},"4":{"loc":{"start":{"line":107,"column":4},"end":{"line":109,"column":5}},"type":"if","locations":[{"start":{"line":107,"column":4},"end":{"line":109,"column":5}},{"start":{},"end":{}}],"line":107}},"s":{"0":10,"1":10,"2":3,"3":3,"4":3,"5":3,"6":1,"7":3,"8":2,"9":1,"10":10,"11":4,"12":4,"13":3,"14":2,"15":1,"16":1,"17":10,"18":2,"19":2,"20":2,"21":4,"22":1,"23":1,"24":10,"25":3,"26":3,"27":3,"28":3,"29":1,"30":2,"31":1,"32":1,"33":10,"34":4,"35":4,"36":4,"37":1,"38":3,"39":3,"40":1,"41":2,"42":1,"43":1},"f":{"0":3,"1":4,"2":2,"3":4,"4":3,"5":4},"b":{"0":[1,2],"1":[2,1],"2":[1,2],"3":[1,3],"4":[1,2]},"_coverageSchema":"1a1c01bbd47fc00a2c39e90264f33305004495a9","hash":"e7e365d0b400927157d759b3a18d9b3d8279f3bc"}
,"/Users/viligaisiuc/Library/Mobile Documents/com~apple~CloudDocs/Unik/ІІ курс/ІІ курс ІІ семестр/BackEnd/API Project/nodejs-project/backend/controllers/artistController.js": {"path":"/Users/viligaisiuc/Library/Mobile Documents/com~apple~CloudDocs/Unik/ІІ курс/ІІ курс ІІ семестр/BackEnd/API Project/nodejs-project/backend/controllers/artistController.js","statementMap":{"0":{"start":{"line":1,"column":15},"end":{"line":1,"column":41}},"1":{"start":{"line":3,"column":0},"end":{"line":23,"column":2}},"2":{"start":{"line":4,"column":2},"end":{"line":22,"column":3}},"3":{"start":{"line":5,"column":23},"end":{"line":5,"column":32}},"4":{"start":{"line":7,"column":24},"end":{"line":7,"column":26}},"5":{"start":{"line":9,"column":4},"end":{"line":14,"column":5}},"6":{"start":{"line":10,"column":6},"end":{"line":13,"column":8}},"7":{"start":{"line":16,"column":20},"end":{"line":18,"column":6}},"8":{"start":{"line":19,"column":4},"end":{"line":19,"column":22}},"9":{"start":{"line":21,"column":4},"end":{"line":21,"column":51}},"10":{"start":{"line":26,"column":0},"end":{"line":58,"column":2}},"11":{"start":{"line":27,"column":2},"end":{"line":57,"column":3}},"12":{"start":{"line":36,"column":8},"end":{"line":36,"column":16}},"13":{"start":{"line":37,"column":19},"end":{"line":37,"column":30}},"14":{"start":{"line":39,"column":22},"end":{"line":50,"column":6}},"15":{"start":{"line":51,"column":4},"end":{"line":51,"column":36}},"16":{"start":{"line":53,"column":4},"end":{"line":56,"column":7}},"17":{"start":{"line":61,"column":0},"end":{"line":77,"column":2}},"18":{"start":{"line":62,"column":2},"end":{"line":76,"column":3}},"19":{"start":{"line":63,"column":19},"end":{"line":69,"column":6}},"20":{"start":{"line":71,"column":4},"end":{"line":72,"column":70}},"21":{"start":{"line":72,"column":6},"end":{"line":72,"column":70}},"22":{"start":{"line":73,"column":4},"end":{"line":73,"column":21}},"23":{"start":{"line":75,"column":4},"end":{"line":75,"column":51}},"24":{"start":{"line":79,"column":0},"end":{"line":88,"column":2}},"25":{"start":{"line":80,"column":2},"end":{"line":87,"column":3}},"26":{"start":{"line":81,"column":4},"end":{"line":83,"column":7}},"27":{"start":{"line":84,"column":4},"end":{"line":84,"column":27}},"28":{"start":{"line":86,"column":4},"end":{"line":86,"column":51}}},"fnMap":{"0":{"name":"(anonymous_0)","decl":{"start":{"line":3,"column":17},"end":{"line":3,"column":18}},"loc":{"start":{"line":3,"column":37},"end":{"line":23,"column":1}},"line":3},"1":{"name":"(anonymous_1)","decl":{"start":{"line":26,"column":17},"end":{"line":26,"column":18}},"loc":{"start":{"line":26,"column":37},"end":{"line":58,"column":1}},"line":26},"2":{"name":"(anonymous_2)","decl":{"start":{"line":61,"column":18},"end":{"line":61,"column":19}},"loc":{"start":{"line":61,"column":38},"end":{"line":77,"column":1}},"line":61},"3":{"name":"(anonymous_3)","decl":{"start":{"line":79,"column":17},"end":{"line":79,"column":18}},"loc":{"start":{"line":79,"column":37},"end":{"line":88,"column":1}},"line":79}},"branchMap":{"0":{"loc":{"start":{"line":9,"column":4},"end":{"line":14,"column":5}},"type":"if","locations":[{"start":{"line":9,"column":4},"end":{"line":14,"column":5}},{"start":{},"end":{}}],"line":9},"1":{"loc":{"start":{"line":71,"column":4},"end":{"line":72,"column":70}},"type":"if","locations":[{"start":{"line":71,"column":4},"end":{"line":72,"column":70}},{"start":{},"end":{}}],"line":71}},"s":{"0":10,"1":10,"2":2,"3":2,"4":2,"5":2,"6":1,"7":2,"8":1,"9":1,"10":10,"11":2,"12":2,"13":2,"14":2,"15":1,"16":1,"17":10,"18":3,"19":3,"20":2,"21":1,"22":1,"23":1,"24":10,"25":2,"26":2,"27":1,"28":1},"f":{"0":2,"1":2,"2":3,"3":2},"b":{"0":[1,1],"1":[1,1]},"_coverageSchema":"1a1c01bbd47fc00a2c39e90264f33305004495a9","hash":"84b97350a3ebeebad986744f3e74c5e46eef9cdd"}
,"/Users/viligaisiuc/Library/Mobile Documents/com~apple~CloudDocs/Unik/ІІ курс/ІІ курс ІІ семестр/BackEnd/API Project/nodejs-project/backend/controllers/authController.js": {"path":"/Users/viligaisiuc/Library/Mobile Documents/com~apple~CloudDocs/Unik/ІІ курс/ІІ курс ІІ семестр/BackEnd/API Project/nodejs-project/backend/controllers/authController.js","statementMap":{"0":{"start":{"line":1,"column":15},"end":{"line":1,"column":34}},"1":{"start":{"line":2,"column":12},"end":{"line":2,"column":35}},"2":{"start":{"line":3,"column":15},"end":{"line":3,"column":41}},"3":{"start":{"line":5,"column":0},"end":{"line":34,"column":2}},"4":{"start":{"line":6,"column":2},"end":{"line":33,"column":3}},"5":{"start":{"line":7,"column":42},"end":{"line":7,"column":50}},"6":{"start":{"line":9,"column":25},"end":{"line":13,"column":6}},"7":{"start":{"line":15,"column":4},"end":{"line":19,"column":5}},"8":{"start":{"line":16,"column":6},"end":{"line":18,"column":61}},"9":{"start":{"line":21,"column":27},"end":{"line":21,"column":58}},"10":{"start":{"line":23,"column":20},"end":{"line":29,"column":6}},"11":{"start":{"line":30,"column":4},"end":{"line":30,"column":34}},"12":{"start":{"line":32,"column":4},"end":{"line":32,"column":75}},"13":{"start":{"line":35,"column":0},"end":{"line":55,"column":2}},"14":{"start":{"line":36,"column":2},"end":{"line":54,"column":3}},"15":{"start":{"line":37,"column":32},"end":{"line":37,"column":40}},"16":{"start":{"line":38,"column":17},"end":{"line":38,"column":67}},"17":{"start":{"line":40,"column":4},"end":{"line":41,"column":74}},"18":{"start":{"line":41,"column":6},"end":{"line":41,"column":74}},"19":{"start":{"line":43,"column":20},"end":{"line":43,"column":65}},"20":{"start":{"line":44,"column":4},"end":{"line":45,"column":70}},"21":{"start":{"line":45,"column":6},"end":{"line":45,"column":70}},"22":{"start":{"line":47,"column":18},"end":{"line":49,"column":6}},"23":{"start":{"line":51,"column":4},"end":{"line":51,"column":66}},"24":{"start":{"line":53,"column":4},"end":{"line":53,"column":75}}},"fnMap":{"0":{"name":"(anonymous_0)","decl":{"start":{"line":5,"column":19},"end":{"line":5,"column":20}},"loc":{"start":{"line":5,"column":39},"end":{"line":34,"column":1}},"line":5},"1":{"name":"(anonymous_1)","decl":{"start":{"line":35,"column":16},"end":{"line":35,"column":17}},"loc":{"start":{"line":35,"column":36},"end":{"line":55,"column":1}},"line":35}},"branchMap":{"0":{"loc":{"start":{"line":15,"column":4},"end":{"line":19,"column":5}},"type":"if","locations":[{"start":{"line":15,"column":4},"end":{"line":19,"column":5}},{"start":{},"end":{}}],"line":15},"1":{"loc":{"start":{"line":40,"column":4},"end":{"line":41,"column":74}},"type":"if","locations":[{"start":{"line":40,"column":4},"end":{"line":41,"column":74}},{"start":{},"end":{}}],"line":40},"2":{"loc":{"start":{"line":44,"column":4},"end":{"line":45,"column":70}},"type":"if","locations":[{"start":{"line":44,"column":4},"end":{"line":45,"column":70}},{"start":{},"end":{}}],"line":44}},"s":{"0":10,"1":10,"2":10,"3":10,"4":3,"5":3,"6":3,"7":3,"8":1,"9":2,"10":2,"11":1,"12":1,"13":10,"14":4,"15":4,"16":4,"17":3,"18":1,"19":2,"20":2,"21":1,"22":1,"23":1,"24":1},"f":{"0":3,"1":4},"b":{"0":[1,2],"1":[1,2],"2":[1,1]},"_coverageSchema":"1a1c01bbd47fc00a2c39e90264f33305004495a9","hash":"42ef650527b7c9b32484298798a51397eb49c77f"}
,"/Users/viligaisiuc/Library/Mobile Documents/com~apple~CloudDocs/Unik/ІІ курс/ІІ курс ІІ семестр/BackEnd/API Project/nodejs-project/backend/controllers/playlistController.js": {"path":"/Users/viligaisiuc/Library/Mobile Documents/com~apple~CloudDocs/Unik/ІІ курс/ІІ курс ІІ семестр/BackEnd/API Project/nodejs-project/backend/controllers/playlistController.js","statementMap":{"0":{"start":{"line":1,"column":15},"end":{"line":1,"column":41}},"1":{"start":{"line":3,"column":0},"end":{"line":20,"column":2}},"2":{"start":{"line":4,"column":2},"end":{"line":19,"column":3}},"3":{"start":{"line":5,"column":21},"end":{"line":13,"column":6}},"4":{"start":{"line":14,"column":4},"end":{"line":15,"column":71}},"5":{"start":{"line":15,"column":6},"end":{"line":15,"column":71}},"6":{"start":{"line":16,"column":4},"end":{"line":16,"column":23}},"7":{"start":{"line":18,"column":4},"end":{"line":18,"column":51}},"8":{"start":{"line":22,"column":0},"end":{"line":39,"column":2}},"9":{"start":{"line":23,"column":2},"end":{"line":38,"column":3}},"10":{"start":{"line":24,"column":21},"end":{"line":24,"column":29}},"11":{"start":{"line":25,"column":19},"end":{"line":25,"column":35}},"12":{"start":{"line":27,"column":4},"end":{"line":27,"column":26}},"13":{"start":{"line":29,"column":24},"end":{"line":34,"column":6}},"14":{"start":{"line":35,"column":4},"end":{"line":35,"column":38}},"15":{"start":{"line":37,"column":4},"end":{"line":37,"column":51}},"16":{"start":{"line":41,"column":0},"end":{"line":50,"column":2}},"17":{"start":{"line":42,"column":2},"end":{"line":49,"column":3}},"18":{"start":{"line":43,"column":4},"end":{"line":45,"column":7}},"19":{"start":{"line":46,"column":4},"end":{"line":46,"column":27}},"20":{"start":{"line":48,"column":4},"end":{"line":48,"column":51}},"21":{"start":{"line":53,"column":0},"end":{"line":70,"column":2}},"22":{"start":{"line":54,"column":2},"end":{"line":69,"column":3}},"23":{"start":{"line":55,"column":23},"end":{"line":55,"column":46}},"24":{"start":{"line":56,"column":24},"end":{"line":56,"column":32}},"25":{"start":{"line":58,"column":17},"end":{"line":63,"column":6}},"26":{"start":{"line":64,"column":4},"end":{"line":64,"column":72}},"27":{"start":{"line":66,"column":4},"end":{"line":68,"column":7}},"28":{"start":{"line":73,"column":0},"end":{"line":87,"column":2}},"29":{"start":{"line":74,"column":2},"end":{"line":86,"column":3}},"30":{"start":{"line":75,"column":23},"end":{"line":75,"column":46}},"31":{"start":{"line":76,"column":20},"end":{"line":76,"column":48}},"32":{"start":{"line":78,"column":4},"end":{"line":82,"column":7}},"33":{"start":{"line":83,"column":4},"end":{"line":83,"column":55}},"34":{"start":{"line":85,"column":4},"end":{"line":85,"column":59}}},"fnMap":{"0":{"name":"(anonymous_0)","decl":{"start":{"line":3,"column":18},"end":{"line":3,"column":19}},"loc":{"start":{"line":3,"column":38},"end":{"line":20,"column":1}},"line":3},"1":{"name":"(anonymous_1)","decl":{"start":{"line":22,"column":17},"end":{"line":22,"column":18}},"loc":{"start":{"line":22,"column":37},"end":{"line":39,"column":1}},"line":22},"2":{"name":"(anonymous_2)","decl":{"start":{"line":41,"column":17},"end":{"line":41,"column":18}},"loc":{"start":{"line":41,"column":37},"end":{"line":50,"column":1}},"line":41},"3":{"name":"(anonymous_3)","decl":{"start":{"line":53,"column":29},"end":{"line":53,"column":30}},"loc":{"start":{"line":53,"column":49},"end":{"line":70,"column":1}},"line":53},"4":{"name":"(anonymous_4)","decl":{"start":{"line":73,"column":34},"end":{"line":73,"column":35}},"loc":{"start":{"line":73,"column":54},"end":{"line":87,"column":1}},"line":73}},"branchMap":{"0":{"loc":{"start":{"line":14,"column":4},"end":{"line":15,"column":71}},"type":"if","locations":[{"start":{"line":14,"column":4},"end":{"line":15,"column":71}},{"start":{},"end":{}}],"line":14}},"s":{"0":10,"1":10,"2":3,"3":3,"4":2,"5":1,"6":1,"7":1,"8":10,"9":2,"10":2,"11":2,"12":2,"13":2,"14":1,"15":1,"16":10,"17":2,"18":2,"19":1,"20":1,"21":10,"22":2,"23":2,"24":2,"25":2,"26":1,"27":1,"28":10,"29":2,"30":2,"31":2,"32":2,"33":1,"34":1},"f":{"0":3,"1":2,"2":2,"3":2,"4":2},"b":{"0":[1,1]},"_coverageSchema":"1a1c01bbd47fc00a2c39e90264f33305004495a9","hash":"500661111cbc9da69d2de129adc1c6c1f83c286e"}
,"/Users/viligaisiuc/Library/Mobile Documents/com~apple~CloudDocs/Unik/ІІ курс/ІІ курс ІІ семестр/BackEnd/API Project/nodejs-project/backend/controllers/searchController.js": {"path":"/Users/viligaisiuc/Library/Mobile Documents/com~apple~CloudDocs/Unik/ІІ курс/ІІ курс ІІ семестр/BackEnd/API Project/nodejs-project/backend/controllers/searchController.js","statementMap":{"0":{"start":{"line":1,"column":15},"end":{"line":1,"column":41}},"1":{"start":{"line":3,"column":0},"end":{"line":25,"column":2}},"2":{"start":{"line":4,"column":20},"end":{"line":4,"column":29}},"3":{"start":{"line":5,"column":2},"end":{"line":24,"column":3}},"4":{"start":{"line":6,"column":38},"end":{"line":19,"column":6}},"5":{"start":{"line":21,"column":4},"end":{"line":21,"column":42}},"6":{"start":{"line":23,"column":4},"end":{"line":23,"column":51}}},"fnMap":{"0":{"name":"(anonymous_0)","decl":{"start":{"line":3,"column":23},"end":{"line":3,"column":24}},"loc":{"start":{"line":3,"column":43},"end":{"line":25,"column":1}},"line":3}},"branchMap":{},"s":{"0":10,"1":10,"2":4,"3":4,"4":4,"5":3,"6":1},"f":{"0":4},"b":{},"_coverageSchema":"1a1c01bbd47fc00a2c39e90264f33305004495a9","hash":"c965eae3ac2d1dbf588c249827c3984558a910e1"}
,"/Users/viligaisiuc/Library/Mobile Documents/com~apple~CloudDocs/Unik/ІІ курс/ІІ курс ІІ семестр/BackEnd/API Project/nodejs-project/backend/controllers/trackController.js": {"path":"/Users/viligaisiuc/Library/Mobile Documents/com~apple~CloudDocs/Unik/ІІ курс/ІІ курс ІІ семестр/BackEnd/API Project/nodejs-project/backend/controllers/trackController.js","statementMap":{"0":{"start":{"line":1,"column":15},"end":{"line":1,"column":41}},"1":{"start":{"line":4,"column":0},"end":{"line":34,"column":2}},"2":{"start":{"line":5,"column":2},"end":{"line":33,"column":3}},"3":{"start":{"line":6,"column":30},"end":{"line":6,"column":39}},"4":{"start":{"line":8,"column":24},"end":{"line":8,"column":26}},"5":{"start":{"line":10,"column":4},"end":{"line":15,"column":5}},"6":{"start":{"line":11,"column":6},"end":{"line":14,"column":8}},"7":{"start":{"line":17,"column":4},"end":{"line":22,"column":5}},"8":{"start":{"line":18,"column":6},"end":{"line":21,"column":8}},"9":{"start":{"line":24,"column":19},"end":{"line":29,"column":6}},"10":{"start":{"line":30,"column":4},"end":{"line":30,"column":21}},"11":{"start":{"line":32,"column":4},"end":{"line":32,"column":51}},"12":{"start":{"line":36,"column":0},"end":{"line":46,"column":2}},"13":{"start":{"line":37,"column":2},"end":{"line":45,"column":3}},"14":{"start":{"line":38,"column":18},"end":{"line":40,"column":6}},"15":{"start":{"line":41,"column":4},"end":{"line":41,"column":77}},"16":{"start":{"line":41,"column":16},"end":{"line":41,"column":77}},"17":{"start":{"line":42,"column":4},"end":{"line":42,"column":20}},"18":{"start":{"line":44,"column":4},"end":{"line":44,"column":51}},"19":{"start":{"line":48,"column":0},"end":{"line":74,"column":2}},"20":{"start":{"line":49,"column":2},"end":{"line":73,"column":3}},"21":{"start":{"line":50,"column":68},"end":{"line":50,"column":76}},"22":{"start":{"line":53,"column":21},"end":{"line":69,"column":6}},"23":{"start":{"line":63,"column":45},"end":{"line":65,"column":15}},"24":{"start":{"line":70,"column":4},"end":{"line":70,"column":35}},"25":{"start":{"line":72,"column":4},"end":{"line":72,"column":51}},"26":{"start":{"line":76,"column":0},"end":{"line":85,"column":2}},"27":{"start":{"line":77,"column":2},"end":{"line":84,"column":3}},"28":{"start":{"line":78,"column":4},"end":{"line":80,"column":7}},"29":{"start":{"line":81,"column":4},"end":{"line":81,"column":27}},"30":{"start":{"line":83,"column":4},"end":{"line":83,"column":51}}},"fnMap":{"0":{"name":"(anonymous_0)","decl":{"start":{"line":4,"column":17},"end":{"line":4,"column":18}},"loc":{"start":{"line":4,"column":37},"end":{"line":34,"column":1}},"line":4},"1":{"name":"(anonymous_1)","decl":{"start":{"line":36,"column":18},"end":{"line":36,"column":19}},"loc":{"start":{"line":36,"column":38},"end":{"line":46,"column":1}},"line":36},"2":{"name":"(anonymous_2)","decl":{"start":{"line":48,"column":17},"end":{"line":48,"column":18}},"loc":{"start":{"line":48,"column":37},"end":{"line":74,"column":1}},"line":48},"3":{"name":"(anonymous_3)","decl":{"start":{"line":63,"column":36},"end":{"line":63,"column":37}},"loc":{"start":{"line":63,"column":45},"end":{"line":65,"column":15}},"line":63},"4":{"name":"(anonymous_4)","decl":{"start":{"line":76,"column":17},"end":{"line":76,"column":18}},"loc":{"start":{"line":76,"column":37},"end":{"line":85,"column":1}},"line":76}},"branchMap":{"0":{"loc":{"start":{"line":10,"column":4},"end":{"line":15,"column":5}},"type":"if","locations":[{"start":{"line":10,"column":4},"end":{"line":15,"column":5}},{"start":{},"end":{}}],"line":10},"1":{"loc":{"start":{"line":17,"column":4},"end":{"line":22,"column":5}},"type":"if","locations":[{"start":{"line":17,"column":4},"end":{"line":22,"column":5}},{"start":{},"end":{}}],"line":17},"2":{"loc":{"start":{"line":41,"column":4},"end":{"line":41,"column":77}},"type":"if","locations":[{"start":{"line":41,"column":4},"end":{"line":41,"column":77}},{"start":{},"end":{}}],"line":41},"3":{"loc":{"start":{"line":59,"column":17},"end":{"line":59,"column":51}},"type":"cond-expr","locations":[{"start":{"line":59,"column":27},"end":{"line":59,"column":44}},{"start":{"line":59,"column":47},"end":{"line":59,"column":51}}],"line":59},"4":{"loc":{"start":{"line":61,"column":17},"end":{"line":67,"column":16}},"type":"cond-expr","locations":[{"start":{"line":62,"column":12},"end":{"line":66,"column":13}},{"start":{"line":67,"column":12},"end":{"line":67,"column":16}}],"line":61}},"s":{"0":10,"1":10,"2":3,"3":3,"4":3,"5":3,"6":1,"7":3,"8":1,"9":3,"10":2,"11":1,"12":10,"13":3,"14":3,"15":2,"16":1,"17":1,"18":1,"19":10,"20":4,"21":4,"22":4,"23":4,"24":3,"25":1,"26":10,"27":2,"28":2,"29":1,"30":1},"f":{"0":3,"1":3,"2":4,"3":4,"4":2},"b":{"0":[1,2],"1":[1,2],"2":[1,1],"3":[1,3],"4":[3,1]},"_coverageSchema":"1a1c01bbd47fc00a2c39e90264f33305004495a9","hash":"37bfb996abe85658ea19748aee9a82d9c7104526"}
,"/Users/viligaisiuc/Library/Mobile Documents/com~apple~CloudDocs/Unik/ІІ курс/ІІ курс ІІ семестр/BackEnd/API Project/nodejs-project/backend/controllers/userController.js": {"path":"/Users/viligaisiuc/Library/Mobile Documents/com~apple~CloudDocs/Unik/ІІ курс/ІІ курс ІІ семестр/BackEnd/API Project/nodejs-project/backend/controllers/userController.js","statementMap":{"0":{"start":{"line":1,"column":15},"end":{"line":1,"column":41}},"1":{"start":{"line":4,"column":0},"end":{"line":13,"column":2}},"2":{"start":{"line":5,"column":2},"end":{"line":12,"column":3}},"3":{"start":{"line":6,"column":18},"end":{"line":8,"column":6}},"4":{"start":{"line":9,"column":4},"end":{"line":9,"column":20}},"5":{"start":{"line":11,"column":4},"end":{"line":11,"column":51}},"6":{"start":{"line":16,"column":0},"end":{"line":28,"column":2}},"7":{"start":{"line":17,"column":2},"end":{"line":27,"column":3}},"8":{"start":{"line":18,"column":17},"end":{"line":21,"column":6}},"9":{"start":{"line":22,"column":4},"end":{"line":23,"column":74}},"10":{"start":{"line":23,"column":6},"end":{"line":23,"column":74}},"11":{"start":{"line":24,"column":4},"end":{"line":24,"column":19}},"12":{"start":{"line":26,"column":4},"end":{"line":26,"column":51}},"13":{"start":{"line":31,"column":0},"end":{"line":41,"column":2}},"14":{"start":{"line":32,"column":2},"end":{"line":40,"column":3}},"15":{"start":{"line":33,"column":42},"end":{"line":33,"column":50}},"16":{"start":{"line":34,"column":20},"end":{"line":36,"column":6}},"17":{"start":{"line":37,"column":4},"end":{"line":37,"column":34}},"18":{"start":{"line":39,"column":4},"end":{"line":39,"column":51}},"19":{"start":{"line":44,"column":0},"end":{"line":56,"column":2}},"20":{"start":{"line":45,"column":2},"end":{"line":55,"column":3}},"21":{"start":{"line":46,"column":19},"end":{"line":46,"column":42}},"22":{"start":{"line":47,"column":24},"end":{"line":47,"column":32}},"23":{"start":{"line":49,"column":21},"end":{"line":51,"column":6}},"24":{"start":{"line":52,"column":4},"end":{"line":52,"column":74}},"25":{"start":{"line":54,"column":4},"end":{"line":54,"column":51}},"26":{"start":{"line":58,"column":0},"end":{"line":75,"column":2}},"27":{"start":{"line":59,"column":2},"end":{"line":74,"column":3}},"28":{"start":{"line":60,"column":19},"end":{"line":60,"column":42}},"29":{"start":{"line":61,"column":24},"end":{"line":61,"column":32}},"30":{"start":{"line":64,"column":4},"end":{"line":69,"column":7}},"31":{"start":{"line":71,"column":4},"end":{"line":71,"column":27}},"32":{"start":{"line":73,"column":4},"end":{"line":73,"column":51}},"33":{"start":{"line":76,"column":0},"end":{"line":103,"column":2}},"34":{"start":{"line":77,"column":2},"end":{"line":102,"column":3}},"35":{"start":{"line":78,"column":19},"end":{"line":78,"column":35}},"36":{"start":{"line":80,"column":4},"end":{"line":82,"column":5}},"37":{"start":{"line":81,"column":6},"end":{"line":81,"column":76}},"38":{"start":{"line":84,"column":17},"end":{"line":91,"column":6}},"39":{"start":{"line":93,"column":4},"end":{"line":95,"column":5}},"40":{"start":{"line":94,"column":6},"end":{"line":94,"column":72}},"41":{"start":{"line":97,"column":4},"end":{"line":97,"column":25}},"42":{"start":{"line":99,"column":4},"end":{"line":99,"column":19}},"43":{"start":{"line":101,"column":4},"end":{"line":101,"column":51}}},"fnMap":{"0":{"name":"(anonymous_0)","decl":{"start":{"line":4,"column":17},"end":{"line":4,"column":18}},"loc":{"start":{"line":4,"column":37},"end":{"line":13,"column":1}},"line":4},"1":{"name":"(anonymous_1)","decl":{"start":{"line":16,"column":18},"end":{"line":16,"column":19}},"loc":{"start":{"line":16,"column":38},"end":{"line":28,"column":1}},"line":16},"2":{"name":"(anonymous_2)","decl":{"start":{"line":31,"column":17},"end":{"line":31,"column":18}},"loc":{"start":{"line":31,"column":37},"end":{"line":41,"column":1}},"line":31},"3":{"name":"(anonymous_3)","decl":{"start":{"line":44,"column":22},"end":{"line":44,"column":23}},"loc":{"start":{"line":44,"column":42},"end":{"line":56,"column":1}},"line":44},"4":{"name":"(anonymous_4)","decl":{"start":{"line":58,"column":25},"end":{"line":58,"column":26}},"loc":{"start":{"line":58,"column":45},"end":{"line":75,"column":1}},"line":58},"5":{"name":"(anonymous_5)","decl":{"start":{"line":76,"column":13},"end":{"line":76,"column":14}},"loc":{"start":{"line":76,"column":33},"end":{"line":103,"column":1}},"line":76}},"branchMap":{"0":{"loc":{"start":{"line":22,"column":4},"end":{"line":23,"column":74}},"type":"if","locations":[{"start":{"line":22,"column":4},"end":{"line":23,"column":74}},{"start":{},"end":{}}],"line":22},"1":{"loc":{"start":{"line":80,"column":4},"end":{"line":82,"column":5}},"type":"if","locations":[{"start":{"line":80,"column":4},"end":{"line":82,"column":5}},{"start":{},"end":{}}],"line":80},"2":{"loc":{"start":{"line":93,"column":4},"end":{"line":95,"column":5}},"type":"if","locations":[{"start":{"line":93,"column":4},"end":{"line":95,"column":5}},{"start":{},"end":{}}],"line":93}},"s":{"0":10,"1":10,"2":2,"3":2,"4":1,"5":1,"6":10,"7":3,"8":3,"9":2,"10":1,"11":1,"12":1,"13":10,"14":3,"15":3,"16":3,"17":2,"18":1,"19":10,"20":5,"21":5,"22":5,"23":5,"24":2,"25":3,"26":10,"27":3,"28":3,"29":3,"30":3,"31":2,"32":1,"33":10,"34":4,"35":4,"36":4,"37":1,"38":3,"39":2,"40":1,"41":1,"42":1,"43":1},"f":{"0":2,"1":3,"2":3,"3":5,"4":3,"5":4},"b":{"0":[1,1],"1":[1,3],"2":[1,1]},"_coverageSchema":"1a1c01bbd47fc00a2c39e90264f33305004495a9","hash":"2af845050c0809947f034a82b3950b2f286669f8"}
,"/Users/viligaisiuc/Library/Mobile Documents/com~apple~CloudDocs/Unik/ІІ курс/ІІ курс ІІ семестр/BackEnd/API Project/nodejs-project/backend/middleware/auth.js": {"path":"/Users/viligaisiuc/Library/Mobile Documents/com~apple~CloudDocs/Unik/ІІ курс/ІІ курс ІІ семестр/BackEnd/API Project/nodejs-project/backend/middleware/auth.js","statementMap":{"0":{"start":{"line":1,"column":12},"end":{"line":1,"column":35}},"1":{"start":{"line":3,"column":26},"end":{"line":14,"column":1}},"2":{"start":{"line":4,"column":21},"end":{"line":4,"column":49}},"3":{"start":{"line":5,"column":16},"end":{"line":5,"column":54}},"4":{"start":{"line":7,"column":2},"end":{"line":7,"column":74}},"5":{"start":{"line":7,"column":14},"end":{"line":7,"column":74}},"6":{"start":{"line":9,"column":2},"end":{"line":13,"column":5}},"7":{"start":{"line":10,"column":4},"end":{"line":10,"column":73}},"8":{"start":{"line":10,"column":13},"end":{"line":10,"column":73}},"9":{"start":{"line":11,"column":4},"end":{"line":11,"column":20}},"10":{"start":{"line":12,"column":4},"end":{"line":12,"column":11}},"11":{"start":{"line":16,"column":0},"end":{"line":16,"column":35}}},"fnMap":{"0":{"name":"(anonymous_0)","decl":{"start":{"line":3,"column":26},"end":{"line":3,"column":27}},"loc":{"start":{"line":3,"column":46},"end":{"line":14,"column":1}},"line":3},"1":{"name":"(anonymous_1)","decl":{"start":{"line":9,"column":44},"end":{"line":9,"column":45}},"loc":{"start":{"line":9,"column":59},"end":{"line":13,"column":3}},"line":9}},"branchMap":{"0":{"loc":{"start":{"line":5,"column":16},"end":{"line":5,"column":54}},"type":"binary-expr","locations":[{"start":{"line":5,"column":16},"end":{"line":5,"column":26}},{"start":{"line":5,"column":30},"end":{"line":5,"column":54}}],"line":5},"1":{"loc":{"start":{"line":7,"column":2},"end":{"line":7,"column":74}},"type":"if","locations":[{"start":{"line":7,"column":2},"end":{"line":7,"column":74}},{"start":{},"end":{}}],"line":7},"2":{"loc":{"start":{"line":10,"column":4},"end":{"line":10,"column":73}},"type":"if","locations":[{"start":{"line":10,"column":4},"end":{"line":10,"column":73}},{"start":{},"end":{}}],"line":10}},"s":{"0":12,"1":12,"2":10,"3":10,"4":10,"5":1,"6":9,"7":9,"8":1,"9":8,"10":8,"11":12},"f":{"0":10,"1":9},"b":{"0":[10,9],"1":[1,9],"2":[1,8]},"_coverageSchema":"1a1c01bbd47fc00a2c39e90264f33305004495a9","hash":"a03e02bc648396519e29eddf77e4e74fefa622db"}
,"/Users/viligaisiuc/Library/Mobile Documents/com~apple~CloudDocs/Unik/ІІ курс/ІІ курс ІІ семестр/BackEnd/API Project/nodejs-project/backend/routes/albumRoutes.js": {"path":"/Users/viligaisiuc/Library/Mobile Documents/com~apple~CloudDocs/Unik/ІІ курс/ІІ курс ІІ семестр/BackEnd/API Project/nodejs-project/backend/routes/albumRoutes.js","statementMap":{"0":{"start":{"line":1,"column":16},"end":{"line":1,"column":34}},"1":{"start":{"line":2,"column":15},"end":{"line":2,"column":31}},"2":{"start":{"line":3,"column":24},"end":{"line":3,"column":65}},"3":{"start":{"line":31,"column":0},"end":{"line":31,"column":40}},"4":{"start":{"line":85,"column":0},"end":{"line":85,"column":41}},"5":{"start":{"line":109,"column":0},"end":{"line":109,"column":46}},"6":{"start":{"line":145,"column":0},"end":{"line":145,"column":44}},"7":{"start":{"line":183,"column":0},"end":{"line":183,"column":55}},"8":{"start":{"line":185,"column":0},"end":{"line":185,"column":24}}},"fnMap":{},"branchMap":{},"s":{"0":10,"1":10,"2":10,"3":10,"4":10,"5":10,"6":10,"7":10,"8":10},"f":{},"b":{},"_coverageSchema":"1a1c01bbd47fc00a2c39e90264f33305004495a9","hash":"19b792857c1d72b3816743865c4b1480a70df10e"}
,"/Users/viligaisiuc/Library/Mobile Documents/com~apple~CloudDocs/Unik/ІІ курс/ІІ курс ІІ семестр/BackEnd/API Project/nodejs-project/backend/routes/artistRoutes.js": {"path":"/Users/viligaisiuc/Library/Mobile Documents/com~apple~CloudDocs/Unik/ІІ курс/ІІ курс ІІ семестр/BackEnd/API Project/nodejs-project/backend/routes/artistRoutes.js","statementMap":{"0":{"start":{"line":1,"column":16},"end":{"line":1,"column":34}},"1":{"start":{"line":2,"column":15},"end":{"line":2,"column":31}},"2":{"start":{"line":3,"column":25},"end":{"line":3,"column":67}},"3":{"start":{"line":4,"column":16},"end":{"line":4,"column":45}},"4":{"start":{"line":32,"column":0},"end":{"line":32,"column":41}},"5":{"start":{"line":72,"column":0},"end":{"line":72,"column":51}},"6":{"start":{"line":112,"column":0},"end":{"line":112,"column":45}},"7":{"start":{"line":134,"column":0},"end":{"line":134,"column":47}},"8":{"start":{"line":136,"column":0},"end":{"line":136,"column":24}}},"fnMap":{},"branchMap":{},"s":{"0":10,"1":10,"2":10,"3":10,"4":10,"5":10,"6":10,"7":10,"8":10},"f":{},"b":{},"_coverageSchema":"1a1c01bbd47fc00a2c39e90264f33305004495a9","hash":"d8258ae37b33a61b30946bb77fe15ee340c54483"}
,"/Users/viligaisiuc/Library/Mobile Documents/com~apple~CloudDocs/Unik/ІІ курс/ІІ курс ІІ семестр/BackEnd/API Project/nodejs-project/backend/routes/playlistRoutes.js": {"path":"/Users/viligaisiuc/Library/Mobile Documents/com~apple~CloudDocs/Unik/ІІ курс/ІІ курс ІІ семестр/BackEnd/API Project/nodejs-project/backend/routes/playlistRoutes.js","statementMap":{"0":{"start":{"line":1,"column":16},"end":{"line":1,"column":34}},"1":{"start":{"line":2,"column":15},"end":{"line":2,"column":31}},"2":{"start":{"line":3,"column":27},"end":{"line":3,"column":71}},"3":{"start":{"line":4,"column":16},"end":{"line":4,"column":45}},"4":{"start":{"line":43,"column":0},"end":{"line":43,"column":47}},"5":{"start":{"line":88,"column":0},"end":{"line":88,"column":53}},"6":{"start":{"line":110,"column":0},"end":{"line":110,"column":49}},"7":{"start":{"line":154,"column":0},"end":{"line":154,"column":66}},"8":{"start":{"line":190,"column":0},"end":{"line":193,"column":2}},"9":{"start":{"line":195,"column":0},"end":{"line":195,"column":24}}},"fnMap":{},"branchMap":{},"s":{"0":10,"1":10,"2":10,"3":10,"4":10,"5":10,"6":10,"7":10,"8":10,"9":10},"f":{},"b":{},"_coverageSchema":"1a1c01bbd47fc00a2c39e90264f33305004495a9","hash":"2f4a6fab7fd817d8e027988beb660fdb49fa2a10"}
,"/Users/viligaisiuc/Library/Mobile Documents/com~apple~CloudDocs/Unik/ІІ курс/ІІ курс ІІ семестр/BackEnd/API Project/nodejs-project/backend/routes/searchRoutes.js": {"path":"/Users/viligaisiuc/Library/Mobile Documents/com~apple~CloudDocs/Unik/ІІ курс/ІІ курс ІІ семестр/BackEnd/API Project/nodejs-project/backend/routes/searchRoutes.js","statementMap":{"0":{"start":{"line":1,"column":16},"end":{"line":1,"column":34}},"1":{"start":{"line":2,"column":15},"end":{"line":2,"column":31}},"2":{"start":{"line":3,"column":25},"end":{"line":3,"column":67}},"3":{"start":{"line":22,"column":0},"end":{"line":22,"column":47}},"4":{"start":{"line":24,"column":0},"end":{"line":24,"column":24}}},"fnMap":{},"branchMap":{},"s":{"0":10,"1":10,"2":10,"3":10,"4":10},"f":{},"b":{},"_coverageSchema":"1a1c01bbd47fc00a2c39e90264f33305004495a9","hash":"5a52d87bbfd52d73b9eedf9ef81d0603fe1c4a8c"}
,"/Users/viligaisiuc/Library/Mobile Documents/com~apple~CloudDocs/Unik/ІІ курс/ІІ курс ІІ семестр/BackEnd/API Project/nodejs-project/backend/routes/trackRoutes.js": {"path":"/Users/viligaisiuc/Library/Mobile Documents/com~apple~CloudDocs/Unik/ІІ курс/ІІ курс ІІ семестр/BackEnd/API Project/nodejs-project/backend/routes/trackRoutes.js","statementMap":{"0":{"start":{"line":1,"column":16},"end":{"line":1,"column":34}},"1":{"start":{"line":2,"column":15},"end":{"line":2,"column":31}},"2":{"start":{"line":3,"column":24},"end":{"line":3,"column":65}},"3":{"start":{"line":36,"column":0},"end":{"line":36,"column":40}},"4":{"start":{"line":75,"column":0},"end":{"line":75,"column":44}},"5":{"start":{"line":127,"column":0},"end":{"line":127,"column":41}},"6":{"start":{"line":149,"column":0},"end":{"line":149,"column":46}},"7":{"start":{"line":151,"column":0},"end":{"line":151,"column":24}}},"fnMap":{},"branchMap":{},"s":{"0":10,"1":10,"2":10,"3":10,"4":10,"5":10,"6":10,"7":10},"f":{},"b":{},"_coverageSchema":"1a1c01bbd47fc00a2c39e90264f33305004495a9","hash":"8e7ef25e5f34e85f037c97af637223dc4e760057"}
,"/Users/viligaisiuc/Library/Mobile Documents/com~apple~CloudDocs/Unik/ІІ курс/ІІ курс ІІ семестр/BackEnd/API Project/nodejs-project/backend/routes/userRoutes.js": {"path":"/Users/viligaisiuc/Library/Mobile Documents/com~apple~CloudDocs/Unik/ІІ курс/ІІ курс ІІ семестр/BackEnd/API Project/nodejs-project/backend/routes/userRoutes.js","statementMap":{"0":{"start":{"line":1,"column":16},"end":{"line":1,"column":34}},"1":{"start":{"line":2,"column":15},"end":{"line":2,"column":31}},"2":{"start":{"line":3,"column":23},"end":{"line":3,"column":63}},"3":{"start":{"line":4,"column":23},"end":{"line":4,"column":63}},"4":{"start":{"line":5,"column":16},"end":{"line":5,"column":45}},"5":{"start":{"line":43,"column":0},"end":{"line":43,"column":39}},"6":{"start":{"line":44,"column":0},"end":{"line":44,"column":40}},"7":{"start":{"line":76,"column":0},"end":{"line":76,"column":46}},"8":{"start":{"line":101,"column":0},"end":{"line":101,"column":43}},"9":{"start":{"line":130,"column":0},"end":{"line":130,"column":58}},"10":{"start":{"line":156,"column":0},"end":{"line":156,"column":50}},"11":{"start":{"line":182,"column":0},"end":{"line":182,"column":44}},"12":{"start":{"line":210,"column":0},"end":{"line":210,"column":63}},"13":{"start":{"line":212,"column":0},"end":{"line":212,"column":24}}},"fnMap":{},"branchMap":{},"s":{"0":10,"1":10,"2":10,"3":10,"4":10,"5":10,"6":10,"7":10,"8":10,"9":10,"10":10,"11":10,"12":10,"13":10},"f":{},"b":{},"_coverageSchema":"1a1c01bbd47fc00a2c39e90264f33305004495a9","hash":"1a9b516b336264ba87d0e33c37fecc3b03e59ced"}
,"/Users/viligaisiuc/Library/Mobile Documents/com~apple~CloudDocs/Unik/ІІ курс/ІІ курс ІІ семестр/BackEnd/API Project/nodejs-project/backend/tests/testApp.js": {"path":"/Users/viligaisiuc/Library/Mobile Documents/com~apple~CloudDocs/Unik/ІІ курс/ІІ курс ІІ семестр/BackEnd/API Project/nodejs-project/backend/tests/testApp.js","statementMap":{"0":{"start":{"line":1,"column":16},"end":{"line":1,"column":34}},"1":{"start":{"line":2,"column":12},"end":{"line":2,"column":21}},"2":{"start":{"line":5,"column":0},"end":{"line":5,"column":24}},"3":{"start":{"line":8,"column":19},"end":{"line":8,"column":50}},"4":{"start":{"line":9,"column":20},"end":{"line":9,"column":52}},"5":{"start":{"line":10,"column":20},"end":{"line":10,"column":52}},"6":{"start":{"line":11,"column":21},"end":{"line":11,"column":54}},"7":{"start":{"line":12,"column":23},"end":{"line":12,"column":58}},"8":{"start":{"line":13,"column":21},"end":{"line":13,"column":54}},"9":{"start":{"line":16,"column":0},"end":{"line":16,"column":34}},"10":{"start":{"line":17,"column":0},"end":{"line":17,"column":36}},"11":{"start":{"line":18,"column":0},"end":{"line":18,"column":36}},"12":{"start":{"line":19,"column":0},"end":{"line":19,"column":38}},"13":{"start":{"line":20,"column":0},"end":{"line":20,"column":42}},"14":{"start":{"line":21,"column":0},"end":{"line":21,"column":37}},"15":{"start":{"line":23,"column":0},"end":{"line":23,"column":21}}},"fnMap":{},"branchMap":{},"s":{"0":9,"1":9,"2":9,"3":9,"4":9,"5":9,"6":9,"7":9,"8":9,"9":9,"10":9,"11":9,"12":9,"13":9,"14":9,"15":9},"f":{},"b":{},"_coverageSchema":"1a1c01bbd47fc00a2c39e90264f33305004495a9","hash":"99b87b4ba9ea39386543ae0981811ef3e34cc543"}
}
