TN:
SF:controllers\albumController.js
FN:4,(anonymous_0)
FN:32,(anonymous_1)
FN:49,(anonymous_2)
FN:59,(anonymous_3)
FN:72,(anonymous_4)
FN:98,(anonymous_5)
FNF:6
FNH:6
FNDA:1,(anonymous_0)
FNDA:2,(anonymous_1)
FNDA:1,(anonymous_2)
FNDA:2,(anonymous_3)
FNDA:2,(anonymous_4)
FNDA:2,(anonymous_5)
DA:1,7
DA:4,7
DA:5,1
DA:6,1
DA:8,1
DA:10,1
DA:11,0
DA:17,1
DA:25,1
DA:27,0
DA:32,7
DA:33,2
DA:34,2
DA:41,2
DA:42,1
DA:44,0
DA:49,7
DA:50,1
DA:51,1
DA:53,1
DA:59,2
DA:65,1
DA:67,0
DA:72,7
DA:73,2
DA:74,2
DA:77,2
DA:81,2
DA:82,1
DA:88,1
DA:92,1
DA:94,0
DA:98,7
DA:99,2
DA:101,2
DA:102,2
DA:103,0
DA:106,2
DA:107,2
DA:108,1
DA:111,1
DA:123,1
DA:125,0
LF:43
LH:36
BRDA:10,0,0,0
BRDA:10,0,1,1
BRDA:41,1,0,1
BRDA:41,1,1,1
BRDA:81,2,0,1
BRDA:81,2,1,1
BRDA:102,3,0,0
BRDA:102,3,1,2
BRDA:107,4,0,1
BRDA:107,4,1,1
BRF:10
BRH:8
end_of_record
TN:
SF:controllers\artistController.js
FN:3,(anonymous_0)
FN:26,(anonymous_1)
FN:61,(anonymous_2)
FN:79,(anonymous_3)
FNF:4
FNH:4
FNDA:1,(anonymous_0)
FNDA:1,(anonymous_1)
FNDA:2,(anonymous_2)
FNDA:1,(anonymous_3)
DA:1,7
DA:3,7
DA:4,1
DA:5,1
DA:7,1
DA:9,1
DA:10,1
DA:16,1
DA:19,1
DA:21,0
DA:26,7
DA:27,1
DA:36,1
DA:37,1
DA:39,1
DA:51,1
DA:53,0
DA:61,7
DA:62,2
DA:63,2
DA:71,2
DA:72,1
DA:73,1
DA:75,0
DA:79,7
DA:80,1
DA:81,1
DA:84,1
DA:86,0
LF:29
LH:25
BRDA:9,0,0,1
BRDA:9,0,1,0
BRDA:71,1,0,1
BRDA:71,1,1,1
BRF:4
BRH:3
end_of_record
TN:
SF:controllers\authController.js
FN:5,(anonymous_0)
FN:35,(anonymous_1)
FNF:2
FNH:2
FNDA:2,(anonymous_0)
FNDA:2,(anonymous_1)
DA:1,7
DA:2,7
DA:3,7
DA:5,7
DA:6,2
DA:7,2
DA:9,2
DA:15,2
DA:16,1
DA:21,1
DA:23,1
DA:30,1
DA:32,0
DA:35,7
DA:36,2
DA:37,2
DA:38,2
DA:40,2
DA:41,1
DA:43,1
DA:44,1
DA:45,0
DA:47,1
DA:51,1
DA:53,0
LF:25
LH:22
BRDA:15,0,0,1
BRDA:15,0,1,1
BRDA:40,1,0,1
BRDA:40,1,1,1
BRDA:44,2,0,0
BRDA:44,2,1,1
BRF:6
BRH:5
end_of_record
TN:
SF:controllers\playlistController.js
FN:3,(anonymous_0)
FN:22,(anonymous_1)
FN:41,(anonymous_2)
FN:53,(anonymous_3)
FN:73,(anonymous_4)
FNF:5
FNH:5
FNDA:2,(anonymous_0)
FNDA:1,(anonymous_1)
FNDA:1,(anonymous_2)
FNDA:1,(anonymous_3)
FNDA:1,(anonymous_4)
DA:1,7
DA:3,7
DA:4,2
DA:5,2
DA:14,2
DA:15,1
DA:16,1
DA:18,0
DA:22,7
DA:23,1
DA:24,1
DA:25,1
DA:27,1
DA:29,1
DA:35,1
DA:37,0
DA:41,7
DA:42,1
DA:43,1
DA:46,1
DA:48,0
DA:53,7
DA:54,1
DA:55,1
DA:56,1
DA:58,1
DA:64,1
DA:66,0
DA:73,7
DA:74,1
DA:75,1
DA:76,1
DA:78,1
DA:83,1
DA:85,0
LF:35
LH:30
BRDA:14,0,0,1
BRDA:14,0,1,1
BRF:2
BRH:2
end_of_record
TN:
SF:controllers\searchController.js
FN:3,(anonymous_0)
FNF:1
FNH:1
FNDA:1,(anonymous_0)
DA:1,7
DA:3,7
DA:4,1
DA:5,1
DA:6,1
DA:21,1
DA:23,0
LF:7
LH:6
BRF:0
BRH:0
end_of_record
TN:
SF:controllers\trackController.js
FN:4,(anonymous_0)
FN:36,(anonymous_1)
FN:48,(anonymous_2)
FN:63,(anonymous_3)
FN:76,(anonymous_4)
FNF:5
FNH:2
FNDA:2,(anonymous_0)
FNDA:1,(anonymous_1)
FNDA:0,(anonymous_2)
FNDA:0,(anonymous_3)
FNDA:0,(anonymous_4)
DA:1,7
DA:4,7
DA:5,2
DA:6,2
DA:8,2
DA:10,2
DA:11,1
DA:17,2
DA:18,1
DA:24,2
DA:30,2
DA:32,0
DA:36,7
DA:37,1
DA:38,1
DA:41,1
DA:42,0
DA:44,0
DA:48,7
DA:49,0
DA:50,0
DA:53,0
DA:63,0
DA:70,0
DA:72,0
DA:76,7
DA:77,0
DA:78,0
DA:81,0
DA:83,0
LF:30
LH:17
BRDA:10,0,0,1
BRDA:10,0,1,1
BRDA:17,1,0,1
BRDA:17,1,1,1
BRDA:41,2,0,1
BRDA:41,2,1,0
BRDA:59,3,0,0
BRDA:59,3,1,0
BRDA:61,4,0,0
BRDA:61,4,1,0
BRF:10
BRH:5
end_of_record
TN:
SF:controllers\userController.js
FN:4,(anonymous_0)
FN:16,(anonymous_1)
FN:31,(anonymous_2)
FN:44,(anonymous_3)
FN:58,(anonymous_4)
FN:76,(anonymous_5)
FNF:6
FNH:4
FNDA:2,(anonymous_0)
FNDA:0,(anonymous_1)
FNDA:1,(anonymous_2)
FNDA:0,(anonymous_3)
FNDA:1,(anonymous_4)
FNDA:2,(anonymous_5)
DA:1,7
DA:4,7
DA:5,2
DA:6,2
DA:9,1
DA:11,1
DA:16,7
DA:17,0
DA:18,0
DA:22,0
DA:23,0
DA:24,0
DA:26,0
DA:31,7
DA:32,1
DA:33,1
DA:34,1
DA:37,1
DA:39,0
DA:44,7
DA:45,0
DA:46,0
DA:47,0
DA:49,0
DA:52,0
DA:54,0
DA:58,7
DA:59,1
DA:60,1
DA:61,1
DA:64,1
DA:71,1
DA:73,0
DA:76,7
DA:77,2
DA:78,2
DA:80,2
DA:81,0
DA:84,2
DA:93,2
DA:94,1
DA:97,1
DA:99,1
DA:101,0
LF:44
LH:28
BRDA:22,0,0,0
BRDA:22,0,1,0
BRDA:80,1,0,0
BRDA:80,1,1,2
BRDA:93,2,0,1
BRDA:93,2,1,1
BRF:6
BRH:3
end_of_record
TN:
SF:middleware\auth.js
FN:3,(anonymous_0)
FN:9,(anonymous_1)
FNF:2
FNH:2
FNDA:5,(anonymous_0)
FNDA:4,(anonymous_1)
DA:1,7
DA:3,7
DA:4,5
DA:5,5
DA:7,5
DA:9,4
DA:10,4
DA:11,4
DA:12,4
DA:16,7
LF:10
LH:10
BRDA:5,0,0,5
BRDA:5,0,1,4
BRDA:7,1,0,1
BRDA:7,1,1,4
BRDA:10,2,0,0
BRDA:10,2,1,4
BRF:6
BRH:5
end_of_record
TN:
SF:routes\albumRoutes.js
FNF:0
FNH:0
DA:1,7
DA:2,7
DA:3,7
DA:31,7
DA:85,7
DA:109,7
DA:145,7
DA:183,7
DA:185,7
LF:9
LH:9
BRF:0
BRH:0
end_of_record
TN:
SF:routes\artistRoutes.js
FNF:0
FNH:0
DA:1,7
DA:2,7
DA:3,7
DA:4,7
DA:32,7
DA:72,7
DA:112,7
DA:134,7
DA:136,7
LF:9
LH:9
BRF:0
BRH:0
end_of_record
TN:
SF:routes\playlistRoutes.js
FNF:0
FNH:0
DA:1,7
DA:2,7
DA:3,7
DA:4,7
DA:43,7
DA:88,7
DA:110,7
DA:154,7
DA:190,7
DA:195,7
LF:10
LH:10
BRF:0
BRH:0
end_of_record
TN:
SF:routes\searchRoutes.js
FNF:0
FNH:0
DA:1,7
DA:2,7
DA:3,7
DA:22,7
DA:24,7
LF:5
LH:5
BRF:0
BRH:0
end_of_record
TN:
SF:routes\trackRoutes.js
FNF:0
FNH:0
DA:1,7
DA:2,7
DA:3,7
DA:36,7
DA:75,7
DA:127,7
DA:149,7
DA:151,7
LF:8
LH:8
BRF:0
BRH:0
end_of_record
TN:
SF:routes\userRoutes.js
FNF:0
FNH:0
DA:1,7
DA:2,7
DA:3,7
DA:4,7
DA:5,7
DA:43,7
DA:44,7
DA:76,7
DA:101,7
DA:130,7
DA:156,7
DA:182,7
DA:210,7
DA:212,7
LF:14
LH:14
BRF:0
BRH:0
end_of_record
TN:
SF:tests\testApp.js
FNF:0
FNH:0
DA:1,7
DA:2,7
DA:5,7
DA:8,7
DA:9,7
DA:10,7
DA:11,7
DA:12,7
DA:13,7
DA:16,7
DA:17,7
DA:18,7
DA:19,7
DA:20,7
DA:21,7
DA:23,7
LF:16
LH:16
BRF:0
BRH:0
end_of_record
