TN:
SF:controllers/albumController.js
FN:4,(anonymous_0)
FN:32,(anonymous_1)
FN:49,(anonymous_2)
FN:59,(anonymous_3)
FN:72,(anonymous_4)
FN:98,(anonymous_5)
FNF:6
FNH:6
FNDA:3,(anonymous_0)
FNDA:4,(anonymous_1)
FNDA:2,(anonymous_2)
FNDA:4,(anonymous_3)
FNDA:3,(anonymous_4)
FNDA:4,(anonymous_5)
DA:1,10
DA:4,10
DA:5,3
DA:6,3
DA:8,3
DA:10,3
DA:11,1
DA:17,3
DA:25,2
DA:27,1
DA:32,10
DA:33,4
DA:34,4
DA:41,3
DA:42,1
DA:44,1
DA:49,10
DA:50,2
DA:51,2
DA:53,2
DA:59,4
DA:65,1
DA:67,1
DA:72,10
DA:73,3
DA:74,3
DA:77,3
DA:81,3
DA:82,1
DA:88,2
DA:92,1
DA:94,1
DA:98,10
DA:99,4
DA:101,4
DA:102,4
DA:103,1
DA:106,3
DA:107,3
DA:108,1
DA:111,2
DA:123,1
DA:125,1
LF:43
LH:43
BRDA:10,0,0,1
BRDA:10,0,1,2
BRDA:41,1,0,2
BRDA:41,1,1,1
BRDA:81,2,0,1
BRDA:81,2,1,2
BRDA:102,3,0,1
BRDA:102,3,1,3
BRDA:107,4,0,1
BRDA:107,4,1,2
BRF:10
BRH:10
end_of_record
TN:
SF:controllers/artistController.js
FN:3,(anonymous_0)
FN:26,(anonymous_1)
FN:61,(anonymous_2)
FN:79,(anonymous_3)
FNF:4
FNH:4
FNDA:2,(anonymous_0)
FNDA:2,(anonymous_1)
FNDA:3,(anonymous_2)
FNDA:2,(anonymous_3)
DA:1,10
DA:3,10
DA:4,2
DA:5,2
DA:7,2
DA:9,2
DA:10,1
DA:16,2
DA:19,1
DA:21,1
DA:26,10
DA:27,2
DA:36,2
DA:37,2
DA:39,2
DA:51,1
DA:53,1
DA:61,10
DA:62,3
DA:63,3
DA:71,2
DA:72,1
DA:73,1
DA:75,1
DA:79,10
DA:80,2
DA:81,2
DA:84,1
DA:86,1
LF:29
LH:29
BRDA:9,0,0,1
BRDA:9,0,1,1
BRDA:71,1,0,1
BRDA:71,1,1,1
BRF:4
BRH:4
end_of_record
TN:
SF:controllers/authController.js
FN:5,(anonymous_0)
FN:35,(anonymous_1)
FNF:2
FNH:2
FNDA:3,(anonymous_0)
FNDA:4,(anonymous_1)
DA:1,10
DA:2,10
DA:3,10
DA:5,10
DA:6,3
DA:7,3
DA:9,3
DA:15,3
DA:16,1
DA:21,2
DA:23,2
DA:30,1
DA:32,1
DA:35,10
DA:36,4
DA:37,4
DA:38,4
DA:40,3
DA:41,1
DA:43,2
DA:44,2
DA:45,1
DA:47,1
DA:51,1
DA:53,1
LF:25
LH:25
BRDA:15,0,0,1
BRDA:15,0,1,2
BRDA:40,1,0,1
BRDA:40,1,1,2
BRDA:44,2,0,1
BRDA:44,2,1,1
BRF:6
BRH:6
end_of_record
TN:
SF:controllers/playlistController.js
FN:3,(anonymous_0)
FN:22,(anonymous_1)
FN:41,(anonymous_2)
FN:53,(anonymous_3)
FN:73,(anonymous_4)
FNF:5
FNH:5
FNDA:3,(anonymous_0)
FNDA:2,(anonymous_1)
FNDA:2,(anonymous_2)
FNDA:2,(anonymous_3)
FNDA:2,(anonymous_4)
DA:1,10
DA:3,10
DA:4,3
DA:5,3
DA:14,2
DA:15,1
DA:16,1
DA:18,1
DA:22,10
DA:23,2
DA:24,2
DA:25,2
DA:27,2
DA:29,2
DA:35,1
DA:37,1
DA:41,10
DA:42,2
DA:43,2
DA:46,1
DA:48,1
DA:53,10
DA:54,2
DA:55,2
DA:56,2
DA:58,2
DA:64,1
DA:66,1
DA:73,10
DA:74,2
DA:75,2
DA:76,2
DA:78,2
DA:83,1
DA:85,1
LF:35
LH:35
BRDA:14,0,0,1
BRDA:14,0,1,1
BRF:2
BRH:2
end_of_record
TN:
SF:controllers/searchController.js
FN:3,(anonymous_0)
FNF:1
FNH:1
FNDA:4,(anonymous_0)
DA:1,10
DA:3,10
DA:4,4
DA:5,4
DA:6,4
DA:21,3
DA:23,1
LF:7
LH:7
BRF:0
BRH:0
end_of_record
TN:
SF:controllers/trackController.js
FN:4,(anonymous_0)
FN:36,(anonymous_1)
FN:48,(anonymous_2)
FN:63,(anonymous_3)
FN:76,(anonymous_4)
FNF:5
FNH:5
FNDA:3,(anonymous_0)
FNDA:3,(anonymous_1)
FNDA:4,(anonymous_2)
FNDA:4,(anonymous_3)
FNDA:2,(anonymous_4)
DA:1,10
DA:4,10
DA:5,3
DA:6,3
DA:8,3
DA:10,3
DA:11,1
DA:17,3
DA:18,1
DA:24,3
DA:30,2
DA:32,1
DA:36,10
DA:37,3
DA:38,3
DA:41,2
DA:42,1
DA:44,1
DA:48,10
DA:49,4
DA:50,4
DA:53,4
DA:63,4
DA:70,3
DA:72,1
DA:76,10
DA:77,2
DA:78,2
DA:81,1
DA:83,1
LF:30
LH:30
BRDA:10,0,0,1
BRDA:10,0,1,2
BRDA:17,1,0,1
BRDA:17,1,1,2
BRDA:41,2,0,1
BRDA:41,2,1,1
BRDA:59,3,0,1
BRDA:59,3,1,3
BRDA:61,4,0,3
BRDA:61,4,1,1
BRF:10
BRH:10
end_of_record
TN:
SF:controllers/userController.js
FN:4,(anonymous_0)
FN:16,(anonymous_1)
FN:31,(anonymous_2)
FN:44,(anonymous_3)
FN:58,(anonymous_4)
FN:76,(anonymous_5)
FNF:6
FNH:6
FNDA:2,(anonymous_0)
FNDA:3,(anonymous_1)
FNDA:3,(anonymous_2)
FNDA:5,(anonymous_3)
FNDA:3,(anonymous_4)
FNDA:4,(anonymous_5)
DA:1,10
DA:4,10
DA:5,2
DA:6,2
DA:9,1
DA:11,1
DA:16,10
DA:17,3
DA:18,3
DA:22,2
DA:23,1
DA:24,1
DA:26,1
DA:31,10
DA:32,3
DA:33,3
DA:34,3
DA:37,2
DA:39,1
DA:44,10
DA:45,5
DA:46,5
DA:47,5
DA:49,5
DA:52,2
DA:54,3
DA:58,10
DA:59,3
DA:60,3
DA:61,3
DA:64,3
DA:71,2
DA:73,1
DA:76,10
DA:77,4
DA:78,4
DA:80,4
DA:81,1
DA:84,3
DA:93,2
DA:94,1
DA:97,1
DA:99,1
DA:101,1
LF:44
LH:44
BRDA:22,0,0,1
BRDA:22,0,1,1
BRDA:80,1,0,1
BRDA:80,1,1,3
BRDA:93,2,0,1
BRDA:93,2,1,1
BRF:6
BRH:6
end_of_record
TN:
SF:middleware/auth.js
FN:3,(anonymous_0)
FN:9,(anonymous_1)
FNF:2
FNH:2
FNDA:10,(anonymous_0)
FNDA:9,(anonymous_1)
DA:1,12
DA:3,12
DA:4,10
DA:5,10
DA:7,10
DA:9,9
DA:10,9
DA:11,8
DA:12,8
DA:16,12
LF:10
LH:10
BRDA:5,0,0,10
BRDA:5,0,1,9
BRDA:7,1,0,1
BRDA:7,1,1,9
BRDA:10,2,0,1
BRDA:10,2,1,8
BRF:6
BRH:6
end_of_record
TN:
SF:routes/albumRoutes.js
FNF:0
FNH:0
DA:1,10
DA:2,10
DA:3,10
DA:31,10
DA:85,10
DA:109,10
DA:145,10
DA:183,10
DA:185,10
LF:9
LH:9
BRF:0
BRH:0
end_of_record
TN:
SF:routes/artistRoutes.js
FNF:0
FNH:0
DA:1,10
DA:2,10
DA:3,10
DA:4,10
DA:32,10
DA:72,10
DA:112,10
DA:134,10
DA:136,10
LF:9
LH:9
BRF:0
BRH:0
end_of_record
TN:
SF:routes/playlistRoutes.js
FNF:0
FNH:0
DA:1,10
DA:2,10
DA:3,10
DA:4,10
DA:43,10
DA:88,10
DA:110,10
DA:154,10
DA:190,10
DA:195,10
LF:10
LH:10
BRF:0
BRH:0
end_of_record
TN:
SF:routes/searchRoutes.js
FNF:0
FNH:0
DA:1,10
DA:2,10
DA:3,10
DA:22,10
DA:24,10
LF:5
LH:5
BRF:0
BRH:0
end_of_record
TN:
SF:routes/trackRoutes.js
FNF:0
FNH:0
DA:1,10
DA:2,10
DA:3,10
DA:36,10
DA:75,10
DA:127,10
DA:149,10
DA:151,10
LF:8
LH:8
BRF:0
BRH:0
end_of_record
TN:
SF:routes/userRoutes.js
FNF:0
FNH:0
DA:1,10
DA:2,10
DA:3,10
DA:4,10
DA:5,10
DA:43,10
DA:44,10
DA:76,10
DA:101,10
DA:130,10
DA:156,10
DA:182,10
DA:210,10
DA:212,10
LF:14
LH:14
BRF:0
BRH:0
end_of_record
TN:
SF:tests/testApp.js
FNF:0
FNH:0
DA:1,9
DA:2,9
DA:5,9
DA:8,9
DA:9,9
DA:10,9
DA:11,9
DA:12,9
DA:13,9
DA:16,9
DA:17,9
DA:18,9
DA:19,9
DA:20,9
DA:21,9
DA:23,9
LF:16
LH:16
BRF:0
BRH:0
end_of_record
